C:\SVN\RESEARCH\CFT\AUTO FRAMEWORK\ECOMCAT\ECOMCAT_API\DEBUG\ECOMCAT_API.DLL
C:\SVN\Research\CFT\Auto Framework\EcomCat\ecomcat_api\Debug\ecomcat_api.exp
C:\SVN\RESEARCH\CFT\AUTO FRAMEWORK\ECOMCAT\ECOMCAT_API\DEBUG\ECOMCAT_API.ILK
C:\SVN\Research\CFT\Auto Framework\EcomCat\ecomcat_api\Debug\ecomcat_api.lib
C:\SVN\RESEARCH\CFT\AUTO FRAMEWORK\ECOMCAT\ECOMCAT_API\DEBUG\ECOMCAT_API.PDB
C:\SVN\RESEARCH\CFT\AUTO FRAMEWORK\ECOMCAT\ECOMCAT_API\DEBUG\ECOMCAT_API.XML
C:\SVN\RESEARCH\CFT\AUTO FRAMEWORK\ECOMCAT\ECOMCAT_API\ECOMCAT_API\DEBUG\API_FILE.OBJ
C:\SVN\Research\CFT\Auto Framework\EcomCat\ecomcat_api\ecomcat_api\Debug\cl.command.1.tlog
C:\SVN\Research\CFT\Auto Framework\EcomCat\ecomcat_api\ecomcat_api\Debug\CL.read.1.tlog
C:\SVN\Research\CFT\Auto Framework\EcomCat\ecomcat_api\ecomcat_api\Debug\CL.write.1.tlog
C:\SVN\RESEARCH\CFT\AUTO FRAMEWORK\ECOMCAT\ECOMCAT_API\ECOMCAT_API\DEBUG\ECOMCAT_API.DLL.EMBED.MANIFEST
C:\SVN\RESEARCH\CFT\AUTO FRAMEWORK\ECOMCAT\ECOMCAT_API\ECOMCAT_API\DEBUG\ECOMCAT_API.DLL.EMBED.MANIFEST.RES
C:\SVN\RESEARCH\CFT\AUTO FRAMEWORK\ECOMCAT\ECOMCAT_API\ECOMCAT_API\DEBUG\ECOMCAT_API.DLL.INTERMEDIATE.MANIFEST
C:\SVN\RESEARCH\CFT\AUTO FRAMEWORK\ECOMCAT\ECOMCAT_API\ECOMCAT_API\DEBUG\ECOMCAT_API.PCH
C:\SVN\Research\CFT\Auto Framework\EcomCat\ecomcat_api\ecomcat_api\Debug\ecomcat_api.write.1.tlog
C:\SVN\Research\CFT\Auto Framework\EcomCat\ecomcat_api\ecomcat_api\Debug\ecomcat_api_manifest.rc
C:\SVN\Research\CFT\Auto Framework\EcomCat\ecomcat_api\ecomcat_api\Debug\link.4888.read.1.tlog
C:\SVN\Research\CFT\Auto Framework\EcomCat\ecomcat_api\ecomcat_api\Debug\link.4888.write.1.tlog
C:\SVN\Research\CFT\Auto Framework\EcomCat\ecomcat_api\ecomcat_api\Debug\link.4888-cvtres.read.1.tlog
C:\SVN\Research\CFT\Auto Framework\EcomCat\ecomcat_api\ecomcat_api\Debug\link.4888-cvtres.write.1.tlog
C:\SVN\Research\CFT\Auto Framework\EcomCat\ecomcat_api\ecomcat_api\Debug\link.7496.read.1.tlog
C:\SVN\Research\CFT\Auto Framework\EcomCat\ecomcat_api\ecomcat_api\Debug\link.7496.write.1.tlog
C:\SVN\Research\CFT\Auto Framework\EcomCat\ecomcat_api\ecomcat_api\Debug\link.7496-cvtres.read.1.tlog
C:\SVN\Research\CFT\Auto Framework\EcomCat\ecomcat_api\ecomcat_api\Debug\link.7496-cvtres.write.1.tlog
C:\SVN\Research\CFT\Auto Framework\EcomCat\ecomcat_api\ecomcat_api\Debug\link.command.1.tlog
C:\SVN\Research\CFT\Auto Framework\EcomCat\ecomcat_api\ecomcat_api\Debug\link.read.1.tlog
C:\SVN\Research\CFT\Auto Framework\EcomCat\ecomcat_api\ecomcat_api\Debug\link.write.1.tlog
C:\SVN\Research\CFT\Auto Framework\EcomCat\ecomcat_api\ecomcat_api\Debug\link-cvtres.read.1.tlog
C:\SVN\Research\CFT\Auto Framework\EcomCat\ecomcat_api\ecomcat_api\Debug\link-cvtres.write.1.tlog
C:\SVN\Research\CFT\Auto Framework\EcomCat\ecomcat_api\ecomcat_api\Debug\mt.command.1.tlog
C:\SVN\Research\CFT\Auto Framework\EcomCat\ecomcat_api\ecomcat_api\Debug\mt.read.1.tlog
C:\SVN\Research\CFT\Auto Framework\EcomCat\ecomcat_api\ecomcat_api\Debug\mt.write.1.tlog
C:\SVN\Research\CFT\Auto Framework\EcomCat\ecomcat_api\ecomcat_api\Debug\rc.command.1.tlog
C:\SVN\Research\CFT\Auto Framework\EcomCat\ecomcat_api\ecomcat_api\Debug\rc.read.1.tlog
C:\SVN\Research\CFT\Auto Framework\EcomCat\ecomcat_api\ecomcat_api\Debug\rc.write.1.tlog
C:\SVN\RESEARCH\CFT\AUTO FRAMEWORK\ECOMCAT\ECOMCAT_API\ECOMCAT_API\DEBUG\STDAFX.OBJ
C:\SVN\RESEARCH\CFT\AUTO FRAMEWORK\ECOMCAT\ECOMCAT_API\ECOMCAT_API\DEBUG\STDAFX.XDC
C:\SVN\Research\CFT\Auto Framework\EcomCat\ecomcat_api\ecomcat_api\Debug\vc100.idb
C:\SVN\RESEARCH\CFT\AUTO FRAMEWORK\ECOMCAT\ECOMCAT_API\ECOMCAT_API\DEBUG\VC100.PDB
C:\SVN\Research\CFT\Auto Framework\EcomCat\ecomcat_api\ecomcat_api\Debug\XDCMake.command.1.tlog
C:\SVN\Research\CFT\Auto Framework\EcomCat\ecomcat_api\ecomcat_api\Debug\xdcmake.read.1.tlog
C:\SVN\Research\CFT\Auto Framework\EcomCat\ecomcat_api\ecomcat_api\Debug\xdcmake.write.1.tlog
